e:\github\nodecc\tmp\libuv\x64\release\libuv.pdb
e:\github\nodecc\tmp\libuv\x64\release\poll.obj
e:\github\nodecc\tmp\libuv\x64\release\pipe.obj
e:\github\nodecc\tmp\libuv\x64\release\loop-watcher.obj
e:\github\nodecc\tmp\libuv\x64\release\handle.obj
e:\github\nodecc\tmp\libuv\x64\release\getnameinfo.obj
e:\github\nodecc\tmp\libuv\x64\release\getaddrinfo.obj
e:\github\nodecc\tmp\libuv\x64\release\fs.obj
e:\github\nodecc\tmp\libuv\x64\release\fs-event.obj
e:\github\nodecc\tmp\libuv\x64\release\error.obj
e:\github\nodecc\tmp\libuv\x64\release\dl.obj
e:\github\nodecc\tmp\libuv\x64\release\detect-wakeup.obj
e:\github\nodecc\tmp\libuv\x64\release\core.obj
e:\github\nodecc\tmp\libuv\x64\release\async.obj
e:\github\nodecc\tmp\libuv\x64\release\version.obj
e:\github\nodecc\tmp\libuv\x64\release\uv-data-getter-setters.obj
e:\github\nodecc\tmp\libuv\x64\release\uv-common.obj
e:\github\nodecc\tmp\libuv\x64\release\timer.obj
e:\github\nodecc\tmp\libuv\x64\release\threadpool.obj
e:\github\nodecc\tmp\libuv\x64\release\inet.obj
e:\github\nodecc\tmp\libuv\x64\release\fs-poll.obj
e:\github\nodecc\tmp\libuv\x64\release\winsock.obj
e:\github\nodecc\tmp\libuv\x64\release\winapi.obj
e:\github\nodecc\tmp\libuv\x64\release\util.obj
e:\github\nodecc\tmp\libuv\x64\release\udp.obj
e:\github\nodecc\tmp\libuv\x64\release\tty.obj
e:\github\nodecc\tmp\libuv\x64\release\thread.obj
e:\github\nodecc\tmp\libuv\x64\release\tcp.obj
e:\github\nodecc\tmp\libuv\x64\release\stream.obj
e:\github\nodecc\tmp\libuv\x64\release\snprintf.obj
e:\github\nodecc\tmp\libuv\x64\release\signal.obj
e:\github\nodecc\tmp\libuv\x64\release\process.obj
e:\github\nodecc\tmp\libuv\x64\release\process-stdio.obj
e:\github\nodecc\lib\x64\release\libuv.lib
e:\github\nodecc\tmp\libuv\x64\release\libuv.tlog\cl.command.1.tlog
e:\github\nodecc\tmp\libuv\x64\release\libuv.tlog\cl.read.1.tlog
e:\github\nodecc\tmp\libuv\x64\release\libuv.tlog\cl.write.1.tlog
e:\github\nodecc\tmp\libuv\x64\release\libuv.tlog\lib-link.read.1.tlog
e:\github\nodecc\tmp\libuv\x64\release\libuv.tlog\lib-link.write.1.tlog
e:\github\nodecc\tmp\libuv\x64\release\libuv.tlog\lib.command.1.tlog
