e:\github\nodecc\tmp\libuv\x64\debug\libuv.pdb
e:\github\nodecc\tmp\libuv\x64\debug\libuv.idb
e:\github\nodecc\tmp\libuv\x64\debug\fs-event.obj
e:\github\nodecc\tmp\libuv\x64\debug\fs.obj
e:\github\nodecc\tmp\libuv\x64\debug\getaddrinfo.obj
e:\github\nodecc\tmp\libuv\x64\debug\getnameinfo.obj
e:\github\nodecc\tmp\libuv\x64\debug\handle.obj
e:\github\nodecc\tmp\libuv\x64\debug\loop-watcher.obj
e:\github\nodecc\tmp\libuv\x64\debug\pipe.obj
e:\github\nodecc\tmp\libuv\x64\debug\poll.obj
e:\github\nodecc\tmp\libuv\x64\debug\process-stdio.obj
e:\github\nodecc\tmp\libuv\x64\debug\process.obj
e:\github\nodecc\tmp\libuv\x64\debug\signal.obj
e:\github\nodecc\tmp\libuv\x64\debug\snprintf.obj
e:\github\nodecc\tmp\libuv\x64\debug\stream.obj
e:\github\nodecc\tmp\libuv\x64\debug\tcp.obj
e:\github\nodecc\tmp\libuv\x64\debug\thread.obj
e:\github\nodecc\tmp\libuv\x64\debug\tty.obj
e:\github\nodecc\tmp\libuv\x64\debug\udp.obj
e:\github\nodecc\tmp\libuv\x64\debug\util.obj
e:\github\nodecc\tmp\libuv\x64\debug\winapi.obj
e:\github\nodecc\tmp\libuv\x64\debug\winsock.obj
e:\github\nodecc\tmp\libuv\x64\debug\fs-poll.obj
e:\github\nodecc\tmp\libuv\x64\debug\inet.obj
e:\github\nodecc\tmp\libuv\x64\debug\threadpool.obj
e:\github\nodecc\tmp\libuv\x64\debug\timer.obj
e:\github\nodecc\tmp\libuv\x64\debug\uv-common.obj
e:\github\nodecc\tmp\libuv\x64\debug\uv-data-getter-setters.obj
e:\github\nodecc\tmp\libuv\x64\debug\version.obj
e:\github\nodecc\tmp\libuv\x64\debug\async.obj
e:\github\nodecc\tmp\libuv\x64\debug\core.obj
e:\github\nodecc\tmp\libuv\x64\debug\detect-wakeup.obj
e:\github\nodecc\tmp\libuv\x64\debug\dl.obj
e:\github\nodecc\tmp\libuv\x64\debug\error.obj
e:\github\nodecc\lib\x64\debug\libuv.lib
e:\github\nodecc\lib\x64\debug\libuv.pdb
e:\github\nodecc\tmp\libuv\x64\debug\libuv.tlog\cl.command.1.tlog
e:\github\nodecc\tmp\libuv\x64\debug\libuv.tlog\cl.read.1.tlog
e:\github\nodecc\tmp\libuv\x64\debug\libuv.tlog\cl.write.1.tlog
e:\github\nodecc\tmp\libuv\x64\debug\libuv.tlog\lib-link.read.1.tlog
e:\github\nodecc\tmp\libuv\x64\debug\libuv.tlog\lib-link.write.1.tlog
e:\github\nodecc\tmp\libuv\x64\debug\libuv.tlog\lib.command.1.tlog
